0 info it worked if it ends with ok
1 verbose cli [ '/usr/local/opt/nvm/versions/node/v5.1.0/bin/node',
1 verbose cli   '/usr/local/opt/nvm/versions/node/v5.1.0/bin/npm',
1 verbose cli   'start' ]
2 info using npm@3.3.12
3 info using node@v5.1.0
4 verbose run-script [ 'prestart', 'start', 'poststart' ]
5 info lifecycle vieshow-crawler@0.0.1~prestart: vieshow-crawler@0.0.1
6 silly lifecycle vieshow-crawler@0.0.1~prestart: no script for prestart, continuing
7 info lifecycle vieshow-crawler@0.0.1~start: vieshow-crawler@0.0.1
8 verbose lifecycle vieshow-crawler@0.0.1~start: unsafe-perm in lifecycle true
9 verbose lifecycle vieshow-crawler@0.0.1~start: PATH: /usr/local/opt/nvm/versions/node/v5.1.0/lib/node_modules/npm/bin/node-gyp-bin:/Users/ollywang/Desktop/vieshow-crawler/node_modules/.bin:/Users/ollywang/.rvm/gems/ruby-2.0.0-p481/bin:/Users/ollywang/.rvm/gems/ruby-2.0.0-p481@global/bin:/Users/ollywang/.rvm/rubies/ruby-2.0.0-p481/bin:/usr/local/opt/nvm/versions/node/v5.1.0/bin:/usr/local/bin:/usr/bin:/bin:/usr/sbin:/sbin:/Users/ollywang/.rvm/bin:/Users/ollywang/.rvm/bin
10 verbose lifecycle vieshow-crawler@0.0.1~start: CWD: /Users/ollywang/Desktop/vieshow-crawler
11 silly lifecycle vieshow-crawler@0.0.1~start: Args: [ '-c', 'node server/index.js' ]
12 silly lifecycle vieshow-crawler@0.0.1~start: Returned: code: 1  signal: null
13 info lifecycle vieshow-crawler@0.0.1~start: Failed to exec start script
14 verbose stack Error: vieshow-crawler@0.0.1 start: `node server/index.js`
14 verbose stack Exit status 1
14 verbose stack     at EventEmitter.<anonymous> (/usr/local/opt/nvm/versions/node/v5.1.0/lib/node_modules/npm/lib/utils/lifecycle.js:232:16)
14 verbose stack     at emitTwo (events.js:87:13)
14 verbose stack     at EventEmitter.emit (events.js:172:7)
14 verbose stack     at ChildProcess.<anonymous> (/usr/local/opt/nvm/versions/node/v5.1.0/lib/node_modules/npm/lib/utils/spawn.js:24:14)
14 verbose stack     at emitTwo (events.js:87:13)
14 verbose stack     at ChildProcess.emit (events.js:172:7)
14 verbose stack     at maybeClose (internal/child_process.js:818:16)
14 verbose stack     at Process.ChildProcess._handle.onexit (internal/child_process.js:211:5)
15 verbose pkgid vieshow-crawler@0.0.1
16 verbose cwd /Users/ollywang/Desktop/vieshow-crawler
17 error Darwin 16.0.0
18 error argv "/usr/local/opt/nvm/versions/node/v5.1.0/bin/node" "/usr/local/opt/nvm/versions/node/v5.1.0/bin/npm" "start"
19 error node v5.1.0
20 error npm  v3.3.12
21 error code ELIFECYCLE
22 error vieshow-crawler@0.0.1 start: `node server/index.js`
22 error Exit status 1
23 error Failed at the vieshow-crawler@0.0.1 start script 'node server/index.js'.
23 error Make sure you have the latest version of node.js and npm installed.
23 error If you do, this is most likely a problem with the vieshow-crawler package,
23 error not with npm itself.
23 error Tell the author that this fails on your system:
23 error     node server/index.js
23 error You can get their info via:
23 error     npm owner ls vieshow-crawler
23 error There is likely additional logging output above.
24 verbose exit [ 1, true ]
